[2017-02-10 22:59:37] START
[2017-02-10 23:04:58] EDIT app2/models/menu.py: -105
[2017-02-10 23:07:39] CREATE db1.py: 0
[2017-02-10 23:08:17] EDIT app2/models/db1.py: 1
[2017-02-10 23:08:50] EDIT app2/models/db1.py: 0
[2017-02-10 23:14:15] EDIT app2/models/db1.py: 3
[2017-02-10 23:21:58] EDIT app2/controllers/default.py: -2
[2017-02-10 23:22:41] EDIT app2/controllers/default.py: 0
[2017-02-10 23:22:42] EDIT app2/controllers/default.py: 0
[2017-02-10 23:22:55] EDIT app2/controllers/default.py: 0
[2017-02-10 23:23:50] EDIT app2/views/default/index.html: -44
[2017-02-10 23:34:22] EDIT app2/controllers/default.py: 1
[2017-02-10 23:48:33] EDIT app2/controllers/default.py: 0
[2017-02-10 23:51:01] EDIT app2/views/default/index.html: 4
[2017-02-10 23:51:45] EDIT app2/controllers/default.py: 0
[2017-02-10 23:55:32] EDIT app2/views/default/index.html: 6
[2017-02-10 23:57:20] EDIT app2/views/default/index.html: 2
[2017-02-10 23:57:40] EDIT app2/views/default/index.html: 0
[2017-02-10 23:58:33] EDIT app2/views/default/index.html: 0
[2017-02-11 00:02:51] EDIT app2/controllers/default.py: 2
[2017-02-11 00:03:27] EDIT app2/controllers/default.py: 1
[2017-02-11 00:04:51] EDIT app2/controllers/default.py: 0
[2017-02-11 00:04:58] EDIT app2/controllers/default.py: 0
[2017-02-11 00:05:52] EDIT app2/controllers/default.py: 0
[2017-02-11 00:06:41] EDIT app2/controllers/default.py: 0
[2017-02-11 00:11:21] EDIT app2/views/default/index.html: 0
[2017-02-11 00:18:30] CREATE default/show.html: 0
[2017-02-11 00:19:49] EDIT app2/views/default/show.html: 5
[2017-02-11 00:28:27] EDIT app2/controllers/default.py: 3
[2017-02-11 00:29:27] EDIT app2/views/default/index.html: -4
[2017-02-11 00:29:57] CREATE default/create/html.html: 0
[2017-02-11 00:30:39] DELETE app2/views/default/create/html.html: -3
[2017-02-11 00:30:52] CREATE default/creat.html: 0
[2017-02-11 00:31:33] EDIT app2/views/default/creat.html: 2
[2017-02-11 00:31:40] EDIT app2/views/default/creat.html: 0
[2017-02-11 00:33:17] EDIT app2/controllers/default.py: 1
[2017-02-11 00:33:44] EDIT app2/controllers/default.py: 0
[2017-02-11 00:34:06] EDIT app2/controllers/default.py: 0
[2017-02-11 00:34:45] EDIT app2/controllers/default.py: -1
[2017-02-11 00:36:00] EDIT app2/controllers/default.py: 1
[2017-02-11 00:38:10] EDIT app2/models/menu.py: 0
[2017-02-11 11:06:07] EDIT app2/controllers/default.py: 4
[2017-02-11 11:13:04] EDIT app2/views/default/index.html: -1
[2017-02-11 11:13:23] EDIT app2/views/default/index.html: 0
[2017-02-11 11:16:19] EDIT app2/controllers/default.py: 0
[2017-02-11 11:16:35] EDIT app2/controllers/default.py: 0
[2017-02-11 11:17:14] EDIT app2/views/default/index.html: 0
[2017-02-11 11:24:14] EDIT app2/views/default/show.html: 0
[2017-02-11 11:31:55] EDIT app2/controllers/default.py: 3
[2017-02-11 11:32:09] EDIT app2/controllers/default.py: 0
[2017-02-11 12:24:58] EDIT app2/controllers/default.py: 1
[2017-02-11 12:49:59] EDIT app2/models/db1.py: 1
[2017-02-11 12:50:36] EDIT app2/models/db1.py: 2
[2017-02-11 12:54:18] EDIT app2/models/db1.py: 0
[2017-02-11 12:58:35] EDIT app2/models/db1.py: -2
[2017-02-11 13:01:07] EDIT app2/models/db1.py: 8
[2017-02-11 13:02:59] EDIT app2/models/db1.py: 0
[2017-02-11 16:02:28] EDIT app2/views/default/index.html: 1
[2017-02-11 16:04:33] EDIT app2/views/default/index.html: 1
[2017-02-11 16:08:52] EDIT app2/views/default/index.html: 0
[2017-02-11 16:10:26] EDIT app2/models/db1.py: 2
[2017-02-11 16:19:27] EDIT app2/views/default/index.html: 1
[2017-02-11 16:20:04] EDIT app2/views/default/index.html: 0
[2017-02-11 16:20:58] EDIT app2/views/default/index.html: 0
[2017-02-11 16:23:14] EDIT app2/views/default/index.html: 0
[2017-02-11 16:23:44] EDIT app2/views/default/index.html: 2
[2017-02-11 16:31:44] EDIT app2/controllers/default.py: 0
[2017-02-11 16:46:20] EDIT app2/models/db1.py: 0
[2017-02-11 16:46:51] EDIT app2/views/default/index.html: 1
[2017-02-11 16:47:39] EDIT app2/models/db1.py: 1
[2017-02-11 16:48:25] EDIT app2/models/db1.py: -1
[2017-02-11 16:48:45] EDIT app2/models/db1.py: 1
[2017-02-11 16:48:55] EDIT app2/models/db1.py: 0
[2017-02-11 16:49:20] EDIT app2/models/db1.py: -1
[2017-02-11 16:50:34] EDIT app2/views/default/index.html: -1
[2017-02-11 17:00:24] EDIT app2/models/db1.py: 1
[2017-02-11 17:00:43] EDIT app2/models/db1.py: 0
[2017-02-11 17:01:23] EDIT app2/models/db1.py: 1
[2017-02-11 17:07:56] EDIT app2/controllers/default.py: 0
[2017-02-11 17:12:41] EDIT app2/models/menu.py: 1
[2017-02-11 17:15:48] EDIT app2/views/default/index.html: 1
[2017-02-11 17:16:12] EDIT app2/views/default/index.html: -1
[2017-02-11 17:31:25] EDIT app2/views/default/index.html: 0
[2017-02-11 17:31:37] EDIT app2/views/default/index.html: 0
[2017-02-11 17:32:06] EDIT app2/views/default/index.html: 0
[2017-02-11 17:32:45] EDIT app2/views/default/index.html: 0
[2017-02-11 17:33:03] EDIT app2/views/default/index.html: 0
[2017-02-11 17:36:28] EDIT app2/models/db1.py: 0
[2017-02-11 17:36:42] EDIT app2/models/db1.py: 0
