timestamp: 2017-02-10T23:00:04.131000
CREATE TABLE auth_user(
    id INTEGER PRIMARY KEY AUTOINCREMENT,
    first_name CHAR(128),
    last_name CHAR(128),
    email CHAR(512),
    password CHAR(512),
    registration_key CHAR(512),
    reset_password_key CHAR(512),
    registration_id CHAR(512)
);
success!
timestamp: 2017-02-10T23:00:04.153000
CREATE TABLE auth_group(
    id INTEGER PRIMARY KEY AUTOINCREMENT,
    role CHAR(512),
    description TEXT
);
success!
timestamp: 2017-02-10T23:00:04.176000
CREATE TABLE auth_membership(
    id INTEGER PRIMARY KEY AUTOINCREMENT,
    user_id INTEGER REFERENCES auth_user (id) ON DELETE CASCADE  ,
    group_id INTEGER REFERENCES auth_group (id) ON DELETE CASCADE  
);
success!
timestamp: 2017-02-10T23:00:04.232000
CREATE TABLE auth_permission(
    id INTEGER PRIMARY KEY AUTOINCREMENT,
    group_id INTEGER REFERENCES auth_group (id) ON DELETE CASCADE  ,
    name CHAR(512),
    table_name CHAR(512),
    record_id INTEGER
);
success!
timestamp: 2017-02-10T23:00:04.253000
CREATE TABLE auth_event(
    id INTEGER PRIMARY KEY AUTOINCREMENT,
    time_stamp TIMESTAMP,
    client_ip CHAR(512),
    user_id INTEGER REFERENCES auth_user (id) ON DELETE CASCADE  ,
    origin CHAR(512),
    description TEXT
);
success!
timestamp: 2017-02-10T23:00:04.277000
CREATE TABLE auth_cas(
    id INTEGER PRIMARY KEY AUTOINCREMENT,
    user_id INTEGER REFERENCES auth_user (id) ON DELETE CASCADE  ,
    created_on TIMESTAMP,
    service CHAR(512),
    ticket CHAR(512),
    renew CHAR(1)
);
success!
timestamp: 2017-02-10T23:08:53.783000
CREATE TABLE blog_post(
    id INTEGER PRIMARY KEY AUTOINCREMENT,
    body CHAR(512)
);
success!
timestamp: 2017-02-10T23:14:22.975000
ALTER TABLE blog_post ADD time_stamp TIMESTAMP;
timestamp: 2017-02-10T23:14:22.996000
ALTER TABLE blog_post ADD title CHAR(512);
success!
timestamp: 2017-02-11T13:01:08.997000
CREATE TABLE image(
    id INTEGER PRIMARY KEY AUTOINCREMENT,
    title CHAR(512) UNIQUE,
    file CHAR(512)
);
success!
timestamp: 2017-02-11T13:01:09.031000
ALTER TABLE blog_post ADD image_id INTEGER REFERENCES image (id) ON DELETE CASCADE  ;
success!
timestamp: 2017-02-11T16:10:30.638000
ALTER TABLE blog_post ADD file CHAR(512);
success!
timestamp: 2017-02-11T16:46:43.815000
ALTER TABLE blog_post ADD stock CHAR(512) UNIQUE;
timestamp: 2017-02-11T16:47:00.288000
ALTER TABLE blog_post ADD stock CHAR(512) UNIQUE;
timestamp: 2017-02-11T16:47:03.126000
ALTER TABLE blog_post ADD stock CHAR(512) UNIQUE;
timestamp: 2017-02-11T16:47:06.094000
ALTER TABLE blog_post ADD stock CHAR(512) UNIQUE;
timestamp: 2017-02-11T16:47:12.682000
ALTER TABLE blog_post ADD stock CHAR(512) UNIQUE;
success!
timestamp: 2017-02-11T17:00:26.069000
ALTER TABLE blog_post ADD price TEXT;
success!
success!
timestamp: 2017-02-11T17:01:25.725000
ALTER TABLE blog_post ADD sold CHAR(1);
success!
